2025-08-15 16:36:22,688 INFO: Starting ingestion process.
2025-08-15 16:36:22,688 INFO: Found source file: /Users/vajosekulic/Downloads/Aktivitätsbericht von Alle Aktivitätstypen 2025-08-01-2025-08-01.csv
2025-08-15 16:36:22,689 INFO: File moved and renamed to 'input_csv/aktivitaetsbericht-08-2025.csv'.
2025-08-15 16:36:22,689 INFO: Ingestion process completed.
2025-08-15 16:37:40,676 INFO: Starting ingestion process.
2025-08-15 16:37:40,676 ERROR: No matching source file found!
2025-08-15 16:59:11,903 INFO: Started ingestion process.
2025-08-15 16:59:11,905 ERROR: No matching source file found!
2025-08-15 17:00:15,569 INFO: Started ingestion process.
2025-08-15 17:00:15,571 ERROR: No matching source file found!
2025-08-15 17:01:26,487 INFO: Started ingestion process.
2025-08-15 17:01:26,488 ERROR: No matching source file found!
2025-08-15 17:02:12,660 INFO: Starting ingestion process.
2025-08-15 17:02:12,660 INFO: Found source file: /Users/vajosekulic/Downloads/Aktivitätsbericht von Alle Aktivitätstypen 2025-08-01-2025-08-01.csv
2025-08-15 17:02:12,661 INFO: File moved and renamed to 'input_csv/aktivitaetsbericht-08-2025.csv'.
2025-08-15 17:02:12,661 INFO: Ingestion process completed.
2025-08-15 17:03:36,220 INFO: Started ingestion process.
2025-08-15 17:03:36,223 INFO: Found source file: /Users/vajosekulic/Downloads/Aktivitätsbericht von Alle Aktivitätstypen 2025-07-01-2025-07-31.csv
2025-08-15 17:03:36,226 INFO: File moved and renamed to 'input_csv/aktivitaetsbericht-08-2025.csv'.
2025-08-15 17:03:36,226 INFO: Ingestion process completed.
2025-08-15 17:03:42,736 INFO: Started ingestion process.
2025-08-15 17:03:42,737 ERROR: No matching source file found!
2025-08-15 17:04:57,162 INFO: Started ingestion process.
2025-08-15 17:04:57,165 INFO: Found source file: /Users/vajosekulic/Downloads/Aktivitätsbericht von Alle Aktivitätstypen 2025-08-01-2025-08-15.csv
2025-08-15 17:04:57,166 INFO: File moved and renamed to 'input_csv/aktivitaetsbericht-08-2025.csv'.
2025-08-15 17:04:57,166 INFO: Ingestion process completed.
2025-08-15 17:14:06,628 INFO: Started ingestion process.
2025-08-15 17:14:06,629 ERROR: No matching source file found!
2025-08-15 17:14:52,595 INFO: Started ingestion process.
2025-08-15 17:14:52,596 ERROR: No matching source file found!
2025-08-15 17:17:23,916 INFO: Started ingestion process.
2025-08-15 17:17:23,916 ERROR: No matching source file found!
2025-08-15 17:22:20,056 INFO: Started ingestion process.
2025-08-15 17:22:20,057 INFO: Found source file: /Users/vajosekulic/Downloads/Aktivitätsbericht von Alle Aktivitätstypen 2025-08-01-2025-08-15.csv
2025-08-15 17:22:20,060 INFO: File moved and renamed to 'input_csv/aktivitaetsbericht-08-2025.csv'.
2025-08-15 17:22:20,060 INFO: Ingestion process completed.
2025-08-16 09:46:16,819 INFO: Started ingestion process.
2025-08-16 09:46:16,821 INFO: Found source file: /Users/vajosekulic/Downloads/Aktivitätsbericht von Alle Aktivitätstypen 2025-08-01-2025-08-16.csv
2025-08-16 09:46:16,822 INFO: File moved and renamed to 'input_csv/aktivitaetsbericht-08-2025.csv'.
2025-08-16 09:46:16,822 INFO: Ingestion process completed.
2025-08-16 09:55:10,934 INFO: Started processing file.
2025-08-16 09:55:10,943 ERROR: Missing required columns: Datum, Name, Trainer
2025-08-16 09:57:25,047 INFO: Started processing file.
2025-08-16 09:57:25,058 ERROR: Missing required columns: Trainer
2025-08-16 10:03:32,322 INFO: Started ingestion process.
2025-08-16 10:03:32,325 INFO: Found source file: /Users/vajosekulic/Downloads/Aktivitätsbericht von Alle Aktivitätstypen 2025-08-01-2025-08-16.csv
2025-08-16 10:03:32,326 INFO: File moved and renamed to 'input_csv/aktivitaetsbericht-08-2025.csv'.
2025-08-16 10:03:32,326 INFO: Ingestion process completed.
2025-08-16 10:03:38,238 INFO: Started processing file.
2025-08-16 10:03:38,248 INFO: All required columns are present in the input file.
2025-08-16 10:04:54,879 INFO: Started ingestion process.
2025-08-16 10:04:54,880 INFO: Found source file: /Users/vajosekulic/Downloads/Aktivitätsbericht von Alle Aktivitätstypen 2025-08-01-2025-08-16.csv
2025-08-16 10:04:54,881 INFO: File moved and renamed to 'input_csv/aktivitaetsbericht-08-2025.csv'.
2025-08-16 10:04:54,881 INFO: Ingestion process completed.
2025-08-16 10:05:05,604 INFO: Started ingestion process.
2025-08-16 10:05:05,605 ERROR: No matching source file found!
2025-08-16 10:06:26,725 INFO: Started ingestion process.
2025-08-16 10:06:26,727 INFO: Found source file: /Users/vajosekulic/Downloads/Aktivitätsbericht von Alle Aktivitätstypen 2025-08-01-2025-08-16.csv
2025-08-16 10:06:26,728 INFO: File moved and renamed to 'input_csv/aktivitaetsbericht-08-2025.csv'.
2025-08-16 10:06:26,729 INFO: Ingestion process completed.
2025-08-16 10:07:39,454 INFO: Started ingestion process.
2025-08-16 10:07:39,455 INFO: Found source file: /Users/vajosekulic/Downloads/Aktivitätsbericht von Alle Aktivitätstypen 2025-08-01-2025-08-16.csv
2025-08-16 10:07:39,456 INFO: File moved and renamed to 'input_csv/aktivitaetsbericht-08-2025.csv'.
2025-08-16 10:07:39,457 INFO: Ingestion process completed.
2025-08-16 10:08:19,793 INFO: Started processing file.
2025-08-16 10:08:19,802 INFO: All required columns are present in the input file.
2025-08-16 10:08:47,961 INFO: Started processing file.
2025-08-16 10:08:47,966 INFO: All required columns are present in the input file.
2025-08-16 10:09:01,899 INFO: Started processing file.
2025-08-16 10:09:01,904 INFO: All required columns are present in the input file.
2025-08-16 10:09:15,852 INFO: Started processing file.
2025-08-16 10:09:15,853 INFO: All required columns are present in the input file.
2025-08-16 10:47:28,889 INFO: Started processing file.
2025-08-16 10:47:28,897 INFO: All required columns are present in the input file.
2025-08-16 10:55:05,269 INFO: Started processing file.
2025-08-16 10:55:05,276 INFO: All required columns are present in the input file.
2025-08-16 10:58:57,414 INFO: Started processing file.
2025-08-16 10:58:57,420 INFO: All required columns are present in the input file.
2025-08-16 11:02:15,889 INFO: Started processing file.
2025-08-16 11:02:15,895 INFO: All required columns are present in the input file.
2025-08-16 11:02:15,896 INFO: Processed data written to 'output_csv/processed_aktivitaetsbericht-08-2025.csv'.
2025-08-16 11:03:05,920 INFO: Started processing file.
2025-08-16 11:03:05,922 INFO: All required columns are present in the input file.
2025-08-16 11:03:05,922 INFO: Processed data written to 'output_csv/processed_aktivitaetsbericht-08-2025.csv'.
2025-08-16 11:03:57,027 INFO: Started processing file.
2025-08-16 11:03:57,033 INFO: All required columns are present in the input file.
2025-08-16 11:03:57,034 INFO: Processed data written to 'output_csv/processed_aktivitaetsbericht-08-2025.csv'.
2025-08-16 11:04:32,566 INFO: Started processing file.
2025-08-16 11:04:32,569 INFO: All required columns are present in the input file.
2025-08-16 11:04:32,570 INFO: Processed data written to 'output_csv/processed_aktivitaetsbericht-08-2025.csv'.
2025-08-16 12:02:43,024 INFO: Started processing file.
2025-08-16 12:02:43,033 INFO: All required columns are present in the input file.
2025-08-16 12:02:43,035 INFO: Processed data written to 'output_csv/processed_aktivitaetsbericht-08-2025.csv'.
2025-08-16 12:06:55,814 INFO: Started processing file.
2025-08-16 12:06:55,819 INFO: All required columns are present in the input file.
2025-08-16 12:06:55,819 INFO: Processed data written to 'output_csv/processed_aktivitaetsbericht-08-2025.csv'.
2025-08-16 12:08:09,614 INFO: Started ingestion process.
2025-08-16 12:08:09,617 ERROR: No matching source file found!
2025-08-16 12:08:12,052 INFO: Started processing file.
2025-08-16 12:08:12,056 INFO: All required columns are present in the input file.
2025-08-16 12:08:12,058 INFO: Processed data written to 'output_csv/processed_aktivitaetsbericht-08-2025.csv'.
2025-08-16 12:09:16,317 INFO: Started ingestion process.
2025-08-16 12:09:16,319 INFO: Found source file: /Users/vajosekulic/Downloads/Aktivitätsbericht von Alle Aktivitätstypen 2025-08-01-2025-08-16.csv
2025-08-16 12:09:16,320 INFO: File moved and renamed to 'input_csv/aktivitaetsbericht-08-2025.csv'.
2025-08-16 12:09:16,321 INFO: Ingestion process completed.
2025-08-16 12:09:19,797 INFO: Started processing file.
2025-08-16 12:09:19,801 INFO: All required columns are present in the input file.
2025-08-16 12:09:19,803 INFO: Processed data written to 'output_csv/processed_aktivitaetsbericht-08-2025.csv'.
2025-08-16 12:10:44,876 INFO: Started processing file.
2025-08-16 12:10:44,878 INFO: All required columns are present in the input file.
2025-08-16 12:10:44,878 INFO: Processed data written to 'output_csv/processed_aktivitaetsbericht-08-2025.csv'.
2025-08-16 12:10:57,854 INFO: Started processing file.
2025-08-16 12:10:57,857 INFO: All required columns are present in the input file.
2025-08-16 12:10:57,857 ERROR: Failed to write processed data to output file: dict contains fields not in fieldnames: 'Typ'
2025-08-16 12:13:20,108 INFO: Started processing file.
2025-08-16 12:13:20,110 INFO: All required columns are present in the input file.
2025-08-16 12:13:20,111 ERROR: Failed to write processed data to output file: dict contains fields not in fieldnames: 'Typ'
2025-08-16 12:13:24,004 INFO: Started processing file.
2025-08-16 12:13:24,009 INFO: All required columns are present in the input file.
2025-08-16 12:13:24,012 ERROR: Failed to write processed data to output file: dict contains fields not in fieldnames: 'Typ'
2025-08-16 12:15:16,823 INFO: Started processing file.
2025-08-16 12:15:16,827 INFO: All required columns are present in the input file.
2025-08-16 12:15:16,829 ERROR: Failed to write processed data to output file: dict contains fields not in fieldnames: 'Typ'
2025-08-16 12:15:21,371 INFO: Started processing file.
2025-08-16 12:15:21,372 INFO: All required columns are present in the input file.
2025-08-16 12:15:21,372 ERROR: Failed to write processed data to output file: dict contains fields not in fieldnames: 'Typ'
2025-08-16 12:16:00,477 INFO: Started processing file.
2025-08-16 12:16:00,479 INFO: All required columns are present in the input file.
2025-08-16 12:16:00,480 ERROR: Failed to write processed data to output file: dict contains fields not in fieldnames: 'Typ'
2025-08-16 12:43:36,314 INFO: Started processing file.
2025-08-16 12:43:36,316 INFO: All required columns are present in the input file.
2025-08-16 12:43:36,316 ERROR: Failed to write processed data to output file: dict contains fields not in fieldnames: 'Typ'
2025-08-16 12:45:05,013 INFO: Started processing file.
2025-08-16 12:45:05,014 INFO: All required columns are present in the input file.
2025-08-16 12:45:05,015 ERROR: Failed to write processed data to output file: dict contains fields not in fieldnames: 'Typ'
2025-08-16 12:45:35,605 INFO: Started ingestion process.
2025-08-16 12:45:35,607 INFO: Found source file: /Users/vajosekulic/Downloads/Aktivitätsbericht von Alle Aktivitätstypen 2025-08-01-2025-08-16.csv
2025-08-16 12:45:35,608 INFO: File moved and renamed to 'input_csv/aktivitaetsbericht-08-2025.csv'.
2025-08-16 12:45:35,609 INFO: Ingestion process completed.
2025-08-16 12:45:38,260 INFO: Started processing file.
2025-08-16 12:45:38,263 INFO: All required columns are present in the input file.
2025-08-16 12:45:38,266 ERROR: Failed to write processed data to output file: dict contains fields not in fieldnames: 'Typ'
2025-08-16 12:47:38,870 INFO: Started processing file.
2025-08-16 12:47:38,875 INFO: All required columns are present in the input file.
2025-08-16 12:48:07,063 INFO: Started processing file.
2025-08-16 12:48:07,064 INFO: All required columns are present in the input file.
2025-08-16 12:48:07,065 INFO: Processed data written to 'output_csv/processed_aktivitaetsbericht-08-2025.csv'.
2025-08-16 12:50:39,020 INFO: Started processing file.
2025-08-16 12:50:39,022 INFO: All required columns are present in the input file.
2025-08-16 12:50:39,023 ERROR: Failed to write processed data to output file: dict contains fields not in fieldnames: 'Anmeldequote', 'Stundensatz-Basis', 'Stundensatz-Final', 'Bonus-Faktor', 'Dauer-in-Stunden'
2025-08-16 12:51:41,046 INFO: Started processing file.
2025-08-16 12:51:41,048 INFO: All required columns are present in the input file.
2025-08-16 12:51:41,048 ERROR: Failed to write processed data to output file: dict contains fields not in fieldnames: 'Anmeldequote', 'Stundensatz-Basis', 'Stundensatz-Final', 'Bonus-Faktor', 'Dauer-in-Stunden'
2025-08-16 12:52:40,848 INFO: Started processing file.
2025-08-16 12:52:40,854 INFO: All required columns are present in the input file.
2025-08-16 12:52:40,856 ERROR: Failed to write processed data to output file: dict contains fields not in fieldnames: 'Anmeldequote', 'Stundensatz-Basis', 'Stundensatz-Final', 'Bonus-Faktor', 'Dauer-in-Stunden'
2025-08-16 12:53:53,423 INFO: Started processing file.
2025-08-16 12:53:53,425 INFO: All required columns are present in the input file.
2025-08-16 12:53:53,425 ERROR: Failed to write processed data to output file: dict contains fields not in fieldnames: 'Anmeldequote', 'Stundensatz-Basis', 'Stundensatz-Final', 'Bonus-Faktor', 'Dauer-in-Stunden'
2025-08-16 12:54:11,713 INFO: Started processing file.
2025-08-16 12:54:11,717 INFO: All required columns are present in the input file.
2025-08-16 12:54:11,720 ERROR: Failed to write processed data to output file: dict contains fields not in fieldnames: 'Anmeldequote', 'Stundensatz-Basis', 'Stundensatz-Final', 'Bonus-Faktor', 'Dauer-in-Stunden'
2025-08-16 12:56:17,976 INFO: Started processing file.
2025-08-16 12:56:17,983 INFO: All required columns are present in the input file.
2025-08-16 12:56:17,985 INFO: Processed data written to 'output_csv/processed_aktivitaetsbericht-08-2025.csv'.
2025-08-16 12:58:40,996 INFO: Started processing file.
2025-08-16 12:58:41,003 INFO: All required columns are present in the input file.
2025-08-16 12:58:41,005 ERROR: Failed to write processed data to output file: dict contains fields not in fieldnames: 'Anmeldequote', 'Dauer-in-Stunden', 'Stundensatz-Final', 'Bonus-Faktor', 'Stundensatz-Basis'
2025-08-16 12:58:58,740 INFO: Started processing file.
2025-08-16 12:58:58,742 INFO: All required columns are present in the input file.
2025-08-16 12:58:58,743 INFO: Processed data written to 'output_csv/processed_aktivitaetsbericht-08-2025.csv'.
2025-08-16 13:03:01,573 INFO: Started processing file.
2025-08-16 13:03:01,582 INFO: All required columns are present in the input file.
2025-08-16 13:03:01,584 INFO: Processed data written to 'output_csv/processed_aktivitaetsbericht-08-2025.csv'.
2025-08-16 13:09:02,801 INFO: Started processing file.
2025-08-16 13:09:02,804 INFO: All required columns are present in the input file.
2025-08-16 13:09:02,805 INFO: Processed data written to 'output_csv/processed_aktivitaetsbericht-08-2025.csv'.
